<?xml version="1.0" encoding="UTF-8"?>
<!-- Generated by org.testng.reporters.JUnitReportReporter -->
<testsuite skipped="0" hostname="DESKTOP-BBJLKNO" name="stepDefinitions.ToDoStepDefinition" tests="1" failures="0" timestamp="07 Jun 2021 04:02:43 GMT" time="49.930" errors="1">
  <testcase name="feature" time="49.930" classname="stepDefinitions.ToDoStepDefinition">
    <error type="cucumber.runtime.CucumberException" message="java.lang.IllegalArgumentException: Cannot find elements when the XPath is null.">
      <![CDATA[cucumber.runtime.CucumberException: java.lang.IllegalArgumentException: Cannot find elements when the XPath is null.
at cucumber.api.testng.TestNGCucumberRunner.runCucumber(TestNGCucumberRunner.java:69)
at MyRunner.TestRunner.feature(TestRunner.java:48)
at sun.reflect.NativeMethodAccessorImpl.invoke0(Native Method)
at sun.reflect.NativeMethodAccessorImpl.invoke(NativeMethodAccessorImpl.java:62)
at sun.reflect.DelegatingMethodAccessorImpl.invoke(DelegatingMethodAccessorImpl.java:43)
at java.lang.reflect.Method.invoke(Method.java:498)
at org.testng.internal.MethodInvocationHelper.invokeMethod(MethodInvocationHelper.java:124)
at org.testng.internal.Invoker.invokeMethod(Invoker.java:583)
at org.testng.internal.Invoker.invokeTestMethod(Invoker.java:719)
at org.testng.internal.Invoker.invokeTestMethods(Invoker.java:989)
at org.testng.internal.TestMethodWorker.invokeTestMethods(TestMethodWorker.java:125)
at org.testng.internal.TestMethodWorker.run(TestMethodWorker.java:109)
at org.testng.TestRunner.privateRun(TestRunner.java:648)
at org.testng.TestRunner.run(TestRunner.java:505)
at org.testng.SuiteRunner.runTest(SuiteRunner.java:455)
at org.testng.SuiteRunner.runSequentially(SuiteRunner.java:450)
at org.testng.SuiteRunner.privateRun(SuiteRunner.java:415)
at org.testng.SuiteRunner.run(SuiteRunner.java:364)
at org.testng.SuiteRunnerWorker.runSuite(SuiteRunnerWorker.java:52)
at org.testng.SuiteRunnerWorker.run(SuiteRunnerWorker.java:84)
at org.testng.TestNG.runSuitesSequentially(TestNG.java:1208)
at org.testng.TestNG.runSuitesLocally(TestNG.java:1137)
at org.testng.TestNG.runSuites(TestNG.java:1049)
at org.testng.TestNG.run(TestNG.java:1017)
at org.testng.remote.AbstractRemoteTestNG.run(AbstractRemoteTestNG.java:115)
at org.testng.remote.RemoteTestNG.initAndRun(RemoteTestNG.java:251)
at org.testng.remote.RemoteTestNG.main(RemoteTestNG.java:77)
Caused by: java.lang.IllegalArgumentException: Cannot find elements when the XPath is null.
at org.openqa.selenium.By.xpath(By.java:113)
at stepDefinitions.ToDoStepDefinition.getWebElement(ToDoStepDefinition.java:169)
at stepDefinitions.ToDoStepDefinition.validate_user_sees_selected_size(ToDoStepDefinition.java:143)
at âœ½.Then Validate user is able to see the selected fittingsize in the dropdown(src/main/java/Features/SizeSelect.feature:6)
]]>
    </error>
  </testcase> <!-- feature -->
</testsuite> <!-- stepDefinitions.ToDoStepDefinition -->
